JVMSHRC287E Persistent cache cannot be located on a networked file system. Either select "nonpersistent" or a different cacheDir.
JVMSHRC686I Failed to startup shared class cache. Continue without using it as -Xshareclasses:nonfatal is specified
Launching defaultServer (WebSphere Application Server 18.0.0.4/wlp-1.0.23.cl180420181121-0300) on IBM J9 VM, version 8.0.5.27 - pxa6480sr5fp27-20190104_01(SR5 FP27) (en_US)
[AUDIT   ] CWWKE0001I: The server defaultServer has been launched.
[AUDIT   ] CWWKE0100I: This product is licensed for development, and limited production use. The full license terms can be viewed here: https://public.dhe.ibm.com/ibmdl/export/pub/software/websphere/wasdev/license/base_ilan/ilan/18.0.0.4/lafiles/en.html
[AUDIT   ] CWWKZ0058I: Monitoring dropins for applications.
[AUDIT   ] CWWKS4104A: LTPA keys created in 2.738 seconds. LTPA key file: /home/default/app/mc-target/liberty/wlp/usr/servers/defaultServer/resources/security/ltpa.keys
[AUDIT   ] CWWKT0016I: Web application available (default_host): http://mc-libertynew-73aae220-1b60-11e9-aa7d-idc-f9f55f5d9-84sc5:9080/jwt/
[AUDIT   ] CWWKT0016I: Web application available (default_host): http://mc-libertynew-73aae220-1b60-11e9-aa7d-idc-f9f55f5d9-84sc5:9080/metrics/
[AUDIT   ] CWWKT0016I: Web application available (default_host): http://mc-libertynew-73aae220-1b60-11e9-aa7d-idc-f9f55f5d9-84sc5:9080/ibm/api/
[AUDIT   ] CWWKT0016I: Web application available (default_host): http://mc-libertynew-73aae220-1b60-11e9-aa7d-idc-f9f55f5d9-84sc5:9080/health/
[AUDIT   ] CWWKT0016I: Web application available (default_host): http://mc-libertynew-73aae220-1b60-11e9-aa7d-idc-f9f55f5d9-84sc5:9080/javametrics-dash/
[AUDIT   ] CWWKZ0001I: Application javametrics-dash started in 3.176 seconds.
[AUDIT   ] CWWKT0016I: Web application available (default_host): http://mc-libertynew-73aae220-1b60-11e9-aa7d-idc-f9f55f5d9-84sc5:9080/javametrics/
[AUDIT   ] CWWKZ0001I: Application javametrics-rest started in 2.962 seconds.
[AUDIT   ] CWWKT0016I: Web application available (default_host): http://mc-libertynew-73aae220-1b60-11e9-aa7d-idc-f9f55f5d9-84sc5:9080/
[AUDIT   ] CWWKZ0001I: Application libertynew started in 6.534 seconds.
[AUDIT   ] CWWKF0012I: The server installed the following features: [microProfile-1.2, jsp-2.3, managedBeans-1.0, mpFaultTolerance-1.0, servlet-3.1, ssl-1.0, jndi-1.0, mpHealth-1.0, appSecurity-2.0, jsonp-1.0, mpConfig-1.1, jaxrs-2.0, el-3.0, jaxrsClient-2.0, concurrent-1.0, jwt-1.0, mpMetrics-1.0, mpJwt-1.0, json-1.0, cdi-1.2, distributedMap-1.0, websocket-1.1].
[AUDIT   ] CWWKF0011I: The server defaultServer is ready to run a smarter planet.
[WARNING ] Both application.rest.RootEndpoint#getIndex and application.rest.RootEndpoint#listResources are equal candidates for handling the current request which can lead to unpredictable results
[WARNING ] Both application.rest.RootEndpoint#getIndex and application.rest.RootEndpoint#listResources are equal candidates for handling the current request which can lead to unpredictable results
[WARNING ] Both application.rest.RootEndpoint#getIndex and application.rest.RootEndpoint#listResources are equal candidates for handling the current request which can lead to unpredictable results
[WARNING ] Both application.rest.RootEndpoint#getIndex and application.rest.RootEndpoint#listResources are equal candidates for handling the current request which can lead to unpredictable results
[WARNING ] Both application.rest.RootEndpoint#getIndex and application.rest.RootEndpoint#listResources are equal candidates for handling the current request which can lead to unpredictable results
[WARNING ] No operation matching request path "/favicon.ico" is found, Relative Path: /favicon.ico, HTTP Method: GET, ContentType: */*, Accept: image/webp,image/apng,image/*,*/*;q=0.8,. Please enable FINE/TRACE log level for more details.
[WARNING ] Both application.rest.RootEndpoint#getIndex and application.rest.RootEndpoint#listResources are equal candidates for handling the current request which can lead to unpredictable results
